-------------------------------------------------------------------------------
Test set: com.cds.test.WordDictionaryApplicationTests
-------------------------------------------------------------------------------
Tests run: 1, Failures: 1, Errors: 0, Skipped: 0, Time elapsed: 11.176 s <<< FAILURE! - in com.cds.test.WordDictionaryApplicationTests
firstUploadWordsTest(com.cds.test.WordDictionaryApplicationTests)  Time elapsed: 0.713 s  <<< FAILURE!
java.lang.AssertionError: Status expected:<200> but was:<404>
	at com.cds.test.WordDictionaryApplicationTests.firstUploadWordsTest(WordDictionaryApplicationTests.java:34)

