<?xml version="1.0" encoding="UTF-8"?>
<testsuite xmlns:xsi="http://www.w3.org/2001/XMLSchema-instance" xsi:noNamespaceSchemaLocation="https://maven.apache.org/surefire/maven-surefire-plugin/xsd/surefire-test-report.xsd" name="com.cds.test.WordDictionaryApplicationTests" time="11.176" tests="1" errors="0" skipped="0" failures="1">
  <properties>
[...]
</properties>
  <testcase name="firstUploadWordsTest" classname="com.cds.test.WordDictionaryApplicationTests" time="0.713">
    <failure message="Status expected:&lt;200&gt; but was:&lt;404&gt;" type="java.lang.AssertionError"><![CDATA[java.lang.AssertionError: Status expected:<200> but was:<404>
	at com.cds.test.WordDictionaryApplicationTests.firstUploadWordsTest(WordDictionaryApplicationTests.java:34)
]]></failure>
    <system-out><![CDATA[12:41:38.177 [main] DEBUG org.springframework.test.context.junit4.SpringJUnit4ClassRunner - SpringJUnit4ClassRunner constructor called with [class com.cds.test.WordDictionaryApplicationTests]
12:41:38.190 [main] DEBUG org.springframework.test.context.BootstrapUtils - Instantiating CacheAwareContextLoaderDelegate from class [org.springframework.test.context.cache.DefaultCacheAwareContextLoaderDelegate]
12:41:38.206 [main] DEBUG org.springframework.test.context.BootstrapUtils - Instantiating BootstrapContext using constructor [public org.springframework.test.context.support.DefaultBootstrapContext(java.lang.Class,org.springframework.test.context.CacheAwareContextLoaderDelegate)]
12:41:38.259 [main] DEBUG org.springframework.test.context.BootstrapUtils - Instantiating TestContextBootstrapper for test class [com.cds.test.WordDictionaryApplicationTests] from class [org.springframework.boot.test.context.SpringBootTestContextBootstrapper]
12:41:38.287 [main] INFO org.springframework.boot.test.context.SpringBootTestContextBootstrapper - Neither @ContextConfiguration nor @ContextHierarchy found for test class [com.cds.test.WordDictionaryApplicationTests], using SpringBootContextLoader
12:41:38.297 [main] DEBUG org.springframework.test.context.support.AbstractContextLoader - Did not detect default resource location for test class [com.cds.test.WordDictionaryApplicationTests]: class path resource [com/cds/test/WordDictionaryApplicationTests-context.xml] does not exist
12:41:38.299 [main] DEBUG org.springframework.test.context.support.AbstractContextLoader - Did not detect default resource location for test class [com.cds.test.WordDictionaryApplicationTests]: class path resource [com/cds/test/WordDictionaryApplicationTestsContext.groovy] does not exist
12:41:38.299 [main] INFO org.springframework.test.context.support.AbstractContextLoader - Could not detect default resource locations for test class [com.cds.test.WordDictionaryApplicationTests]: no resource found for suffixes {-context.xml, Context.groovy}.
12:41:38.301 [main] INFO org.springframework.test.context.support.AnnotationConfigContextLoaderUtils - Could not detect default configuration classes for test class [com.cds.test.WordDictionaryApplicationTests]: WordDictionaryApplicationTests does not declare any static, non-private, non-final, nested classes annotated with @Configuration.
12:41:38.411 [main] DEBUG org.springframework.test.context.support.ActiveProfilesUtils - Could not find an 'annotation declaring class' for annotation type [org.springframework.test.context.ActiveProfiles] and class [com.cds.test.WordDictionaryApplicationTests]
12:41:38.757 [main] DEBUG org.springframework.context.annotation.ClassPathScanningCandidateComponentProvider - Identified candidate component class: file [C:\workspaceMS\citizen-dsitribution-system\target\classes\com\cds\CDSServiceApplication.class]
12:41:38.761 [main] INFO org.springframework.boot.test.context.SpringBootTestContextBootstrapper - Found @SpringBootConfiguration com.cds.CDSServiceApplication for test class com.cds.test.WordDictionaryApplicationTests
12:41:38.998 [main] DEBUG org.springframework.boot.test.context.SpringBootTestContextBootstrapper - @TestExecutionListeners is not present for class [com.cds.test.WordDictionaryApplicationTests]: using defaults.
12:41:39.000 [main] INFO org.springframework.boot.test.context.SpringBootTestContextBootstrapper - Loaded default TestExecutionListener class names from location [META-INF/spring.factories]: [org.springframework.boot.test.mock.mockito.MockitoTestExecutionListener, org.springframework.boot.test.mock.mockito.ResetMocksTestExecutionListener, org.springframework.boot.test.autoconfigure.restdocs.RestDocsTestExecutionListener, org.springframework.boot.test.autoconfigure.web.client.MockRestServiceServerResetTestExecutionListener, org.springframework.boot.test.autoconfigure.web.servlet.MockMvcPrintOnlyOnFailureTestExecutionListener, org.springframework.boot.test.autoconfigure.web.servlet.WebDriverTestExecutionListener, org.springframework.test.context.web.ServletTestExecutionListener, org.springframework.test.context.support.DirtiesContextBeforeModesTestExecutionListener, org.springframework.test.context.support.DependencyInjectionTestExecutionListener, org.springframework.test.context.support.DirtiesContextTestExecutionListener, org.springframework.test.context.transaction.TransactionalTestExecutionListener, org.springframework.test.context.jdbc.SqlScriptsTestExecutionListener]
12:41:39.041 [main] INFO org.springframework.boot.test.context.SpringBootTestContextBootstrapper - Using TestExecutionListeners: [org.springframework.test.context.web.ServletTestExecutionListener@3c3d9b6b, org.springframework.test.context.support.DirtiesContextBeforeModesTestExecutionListener@79d8407f, org.springframework.boot.test.mock.mockito.MockitoTestExecutionListener@5fbe4146, org.springframework.boot.test.autoconfigure.SpringBootDependencyInjectionTestExecutionListener@1e66f1f5, org.springframework.test.context.support.DirtiesContextTestExecutionListener@4e50c791, org.springframework.test.context.transaction.TransactionalTestExecutionListener@7530ad9c, org.springframework.test.context.jdbc.SqlScriptsTestExecutionListener@58a9760d, org.springframework.boot.test.mock.mockito.ResetMocksTestExecutionListener@71e9ddb4, org.springframework.boot.test.autoconfigure.restdocs.RestDocsTestExecutionListener@394df057, org.springframework.boot.test.autoconfigure.web.client.MockRestServiceServerResetTestExecutionListener@4961f6af, org.springframework.boot.test.autoconfigure.web.servlet.MockMvcPrintOnlyOnFailureTestExecutionListener@5aebe890, org.springframework.boot.test.autoconfigure.web.servlet.WebDriverTestExecutionListener@65d09a04]
12:41:39.044 [main] DEBUG org.springframework.test.annotation.ProfileValueUtils - Retrieved @ProfileValueSourceConfiguration [null] for test class [com.cds.test.WordDictionaryApplicationTests]
12:41:39.045 [main] DEBUG org.springframework.test.annotation.ProfileValueUtils - Retrieved ProfileValueSource type [class org.springframework.test.annotation.SystemProfileValueSource] for class [com.cds.test.WordDictionaryApplicationTests]
12:41:39.046 [main] DEBUG org.springframework.test.annotation.ProfileValueUtils - Retrieved @ProfileValueSourceConfiguration [null] for test class [com.cds.test.WordDictionaryApplicationTests]
12:41:39.047 [main] DEBUG org.springframework.test.annotation.ProfileValueUtils - Retrieved ProfileValueSource type [class org.springframework.test.annotation.SystemProfileValueSource] for class [com.cds.test.WordDictionaryApplicationTests]
12:41:39.047 [main] DEBUG org.springframework.test.annotation.ProfileValueUtils - Retrieved @ProfileValueSourceConfiguration [null] for test class [com.cds.test.WordDictionaryApplicationTests]
12:41:39.048 [main] DEBUG org.springframework.test.annotation.ProfileValueUtils - Retrieved ProfileValueSource type [class org.springframework.test.annotation.SystemProfileValueSource] for class [com.cds.test.WordDictionaryApplicationTests]
12:41:39.055 [main] DEBUG org.springframework.test.context.support.AbstractDirtiesContextTestExecutionListener - Before test class: context [DefaultTestContext@c86b9e3 testClass = WordDictionaryApplicationTests, testInstance = [null], testMethod = [null], testException = [null], mergedContextConfiguration = [WebMergedContextConfiguration@10aa41f2 testClass = WordDictionaryApplicationTests, locations = '{}', classes = '{class com.cds.CDSServiceApplication}', contextInitializerClasses = '[]', activeProfiles = '{}', propertySourceLocations = '{}', propertySourceProperties = '{org.springframework.boot.test.context.SpringBootTestContextBootstrapper=true}', contextCustomizers = set[org.springframework.boot.test.context.filter.ExcludeFilterContextCustomizer@5606c0b, org.springframework.boot.test.json.DuplicateJsonObjectContextCustomizerFactory$DuplicateJsonObjectContextCustomizer@6c3f5566, org.springframework.boot.test.mock.mockito.MockitoContextCustomizer@0, org.springframework.boot.test.web.client.TestRestTemplateContextCustomizer@62bd765, org.springframework.boot.test.autoconfigure.properties.PropertyMappingContextCustomizer@0, org.springframework.boot.test.autoconfigure.web.servlet.WebDriverContextCustomizerFactory$Customizer@4d49af10], resourceBasePath = 'src/main/webapp', contextLoader = 'org.springframework.boot.test.context.SpringBootContextLoader', parent = [null]], attributes = map['org.springframework.test.context.web.ServletTestExecutionListener.activateListener' -> true]], class annotated with @DirtiesContext [false] with mode [null].
12:41:39.055 [main] DEBUG org.springframework.test.annotation.ProfileValueUtils - Retrieved @ProfileValueSourceConfiguration [null] for test class [com.cds.test.WordDictionaryApplicationTests]
12:41:39.055 [main] DEBUG org.springframework.test.annotation.ProfileValueUtils - Retrieved ProfileValueSource type [class org.springframework.test.annotation.SystemProfileValueSource] for class [com.cds.test.WordDictionaryApplicationTests]
12:41:39.095 [main] DEBUG org.springframework.test.context.support.TestPropertySourceUtils - Adding inlined properties to environment: {spring.jmx.enabled=false, org.springframework.boot.test.context.SpringBootTestContextBootstrapper=true, server.port=-1}

  .   ____          _            __ _ _
 /\\ / ___'_ __ _ _(_)_ __  __ _ \ \ \ \
( ( )\___ | '_ | '_| | '_ \/ _` | \ \ \ \
 \\/  ___)| |_)| | | | | || (_| |  ) ) ) )
  '  |____| .__|_| |_|_| |_\__, | / / / /
 =========|_|==============|___/=/_/_/_/
 :: Spring Boot ::        (v2.1.1.RELEASE)

2020-07-01 12:41:39.578  INFO 21464 --- [           main] c.c.test.WordDictionaryApplicationTests  : Starting WordDictionaryApplicationTests on LAPTOP-1R3UVG3U with PID 21464 (started by Prakash in C:\workspaceMS\citizen-dsitribution-system)
2020-07-01 12:41:39.580  INFO 21464 --- [           main] c.c.test.WordDictionaryApplicationTests  : No active profile set, falling back to default profiles: default
2020-07-01 12:41:40.985  INFO 21464 --- [           main] .s.d.r.c.RepositoryConfigurationDelegate : Bootstrapping Spring Data repositories in DEFAULT mode.
2020-07-01 12:41:41.139  INFO 21464 --- [           main] .s.d.r.c.RepositoryConfigurationDelegate : Finished Spring Data repository scanning in 138ms. Found 1 repository interfaces.
2020-07-01 12:41:42.062  INFO 21464 --- [           main] trationDelegate$BeanPostProcessorChecker : Bean 'org.springframework.transaction.annotation.ProxyTransactionManagementConfiguration' of type [org.springframework.transaction.annotation.ProxyTransactionManagementConfiguration$$EnhancerBySpringCGLIB$$9b5a9d04] is not eligible for getting processed by all BeanPostProcessors (for example: not eligible for auto-proxying)
2020-07-01 12:41:42.490  INFO 21464 --- [           main] com.zaxxer.hikari.HikariDataSource       : HikariPool-1 - Starting...
2020-07-01 12:41:42.866  INFO 21464 --- [           main] com.zaxxer.hikari.HikariDataSource       : HikariPool-1 - Start completed.
2020-07-01 12:41:43.032  INFO 21464 --- [           main] o.hibernate.jpa.internal.util.LogHelper  : HHH000204: Processing PersistenceUnitInfo [
	name: default
	...]
2020-07-01 12:41:43.181  INFO 21464 --- [           main] org.hibernate.Version                    : HHH000412: Hibernate Core {5.3.7.Final}
2020-07-01 12:41:43.184  INFO 21464 --- [           main] org.hibernate.cfg.Environment            : HHH000206: hibernate.properties not found
2020-07-01 12:41:43.431  INFO 21464 --- [           main] o.hibernate.annotations.common.Version   : HCANN000001: Hibernate Commons Annotations {5.0.4.Final}
2020-07-01 12:41:44.129  INFO 21464 --- [           main] org.hibernate.dialect.Dialect            : HHH000400: Using dialect: org.hibernate.dialect.H2Dialect
2020-07-01 12:41:45.115  INFO 21464 --- [           main] o.h.t.schema.internal.SchemaCreatorImpl  : HHH000476: Executing import script 'org.hibernate.tool.schema.internal.exec.ScriptSourceInputNonExistentImpl@33e0c716'
2020-07-01 12:41:45.119  INFO 21464 --- [           main] j.LocalContainerEntityManagerFactoryBean : Initialized JPA EntityManagerFactory for persistence unit 'default'
2020-07-01 12:41:45.533  INFO 21464 --- [           main] o.h.h.i.QueryTranslatorFactoryInitiator  : HHH000397: Using ASTQueryTranslatorFactory
2020-07-01 12:41:47.348  INFO 21464 --- [           main] o.s.s.concurrent.ThreadPoolTaskExecutor  : Initializing ExecutorService 'applicationTaskExecutor'
2020-07-01 12:41:47.494  WARN 21464 --- [           main] aWebConfiguration$JpaWebMvcConfiguration : spring.jpa.open-in-view is enabled by default. Therefore, database queries may be performed during view rendering. Explicitly configure spring.jpa.open-in-view to disable this warning
2020-07-01 12:41:48.269  INFO 21464 --- [           main] c.c.test.WordDictionaryApplicationTests  : Started WordDictionaryApplicationTests in 9.154 seconds (JVM running for 11.405)
2020-07-01 12:41:48.466  INFO 21464 --- [           main] o.s.b.t.m.w.SpringBootMockServletContext : Initializing Spring TestDispatcherServlet ''
2020-07-01 12:41:48.467  INFO 21464 --- [           main] o.s.t.web.servlet.TestDispatcherServlet  : Initializing Servlet ''
2020-07-01 12:41:48.509  INFO 21464 --- [           main] o.s.t.web.servlet.TestDispatcherServlet  : Completed initialization in 41 ms

MockHttpServletRequest:
      HTTP Method = POST
      Request URI = /loadFile/
       Parameters = {}
          Headers = {Content-Type=[multipart/form-data;charset=UTF-8]}
             Body = null
    Session Attrs = {}

Handler:
             Type = org.springframework.web.servlet.resource.ResourceHttpRequestHandler

Async:
    Async started = false
     Async result = null

Resolved Exception:
             Type = null

ModelAndView:
        View name = null
             View = null
            Model = null

FlashMap:
       Attributes = null

MockHttpServletResponse:
           Status = 404
    Error message = null
          Headers = {}
     Content type = null
             Body = 
    Forwarded URL = null
   Redirected URL = null
          Cookies = []
]]></system-out>
  </testcase>
</testsuite>